Artifex Ghostscript 8.60 (2007-08-01)
Copyright (C) 2007 Artifex Software, Inc.  All rights reserved.
This software comes with NO WARRANTY: see the file PUBLIC for details.
peelstring status: true: '% Copyright'
peelstring status: true: '%!PS-Adobe-'
Loading NimbusMonL-Regu font from %rom%lib/n022003l.pfb... 2495600 1176462 1871424 580205 1 done.
%%[ ProductName: Artifex Ghostscript ]%%
%%[Page: 1]%%
%%[Page: 2]%%
%%[Page: 3]%%
%%[Page: 4]%%
%%[Page: 5]%%
%%[Page: 6]%%
%%[Page: 7]%%
%%[Page: 8]%%
%%[Page: 9]%%
%%[Page: 10]%%
%%[Page: 11]%%
%%[Page: 12]%%
%%[Page: 13]%%
%%[LastPage]%%
 ps2pdf -sDEVICE=pdfwrite -dNOPAUSE -dNOSAFER -dAutoRotatePages=/PageByPage -dPDFSETTINGS=/screen
 -dCompatibilityLevel=1.3 -sstdout=C:\Users\Hew\AppData\Local\Temp\5supkjge -sOutputFile=C:\Users\Hew\AppData\Local\Temp\5supkjge.i2u
